{"numFailedTestSuites":0,"numFailedTests":0,"numPassedTestSuites":2,"numPassedTests":8,"numPendingTestSuites":0,"numPendingTests":0,"numRuntimeErrorTestSuites":0,"numTodoTests":0,"numTotalTestSuites":2,"numTotalTests":8,"openHandles":[],"snapshot":{"added":0,"didUpdate":false,"failure":false,"filesAdded":0,"filesRemoved":0,"filesRemovedList":[],"filesUnmatched":0,"filesUpdated":0,"matched":0,"total":0,"unchecked":0,"uncheckedKeysByFile":[],"unmatched":0,"updated":0},"startTime":1766164094744,"success":true,"testResults":[{"assertionResults":[{"ancestorTitles":["Counter Component"],"duration":12,"failing":false,"failureDetails":[],"failureMessages":[],"fullName":"Counter Component renders with initial value","invocations":1,"location":null,"numPassingAsserts":2,"retryReasons":[],"startAt":1766164095610,"status":"passed","title":"renders with initial value"},{"ancestorTitles":["Counter Component"],"duration":3,"failing":false,"failureDetails":[],"failureMessages":[],"fullName":"Counter Component increments count when increment button is clicked","invocations":1,"location":null,"numPassingAsserts":1,"retryReasons":[],"startAt":1766164095622,"status":"passed","title":"increments count when increment button is clicked"},{"ancestorTitles":["Counter Component"],"duration":2,"failing":false,"failureDetails":[],"failureMessages":[],"fullName":"Counter Component decrements count when decrement button is clicked","invocations":1,"location":null,"numPassingAsserts":1,"retryReasons":[],"startAt":1766164095625,"status":"passed","title":"decrements count when decrement button is clicked"},{"ancestorTitles":["Counter Component"],"duration":2,"failing":false,"failureDetails":[],"failureMessages":[],"fullName":"Counter Component resets count when reset button is clicked","invocations":1,"location":null,"numPassingAsserts":1,"retryReasons":[],"startAt":1766164095627,"status":"passed","title":"resets count when reset button is clicked"},{"ancestorTitles":["Counter Component"],"duration":1,"failing":false,"failureDetails":[],"failureMessages":[],"fullName":"Counter Component shows warning message when count exceeds 10","invocations":1,"location":null,"numPassingAsserts":3,"retryReasons":[],"startAt":1766164095629,"status":"passed","title":"shows warning message when count exceeds 10"}],"endTime":1766164095631,"message":"","name":"/Users/hamed/IdeaProjects/melisa/melisa-reporter/src/components/__tests__/Counter.test.tsx","startTime":1766164094936,"status":"passed","summary":""},{"assertionResults":[{"ancestorTitles":["Math functions"],"duration":0,"failing":false,"failureDetails":[],"failureMessages":[],"fullName":"Math functions multiplies two numbers correctly","invocations":1,"location":null,"numPassingAsserts":3,"retryReasons":[],"startAt":1766164095679,"status":"passed","title":"multiplies two numbers correctly"},{"ancestorTitles":["Math functions"],"duration":0,"failing":false,"failureDetails":[],"failureMessages":[],"fullName":"Math functions divides two numbers correctly","invocations":1,"location":null,"numPassingAsserts":2,"retryReasons":[],"startAt":1766164095679,"status":"passed","title":"divides two numbers correctly"},{"ancestorTitles":["Math functions"],"duration":2,"failing":false,"failureDetails":[],"failureMessages":[],"fullName":"Math functions throws error when dividing by zero","invocations":1,"location":null,"numPassingAsserts":1,"retryReasons":[],"startAt":1766164095679,"status":"passed","title":"throws error when dividing by zero"}],"endTime":1766164095681,"message":"","name":"/Users/hamed/IdeaProjects/melisa/melisa-reporter/src/__tests__/math.test.ts","startTime":1766164095637,"status":"passed","summary":""}],"wasInterrupted":false,"coverageMap":{"/Users/hamed/IdeaProjects/melisa/melisa-reporter/src/components/Counter.tsx":{"path":"/Users/hamed/IdeaProjects/melisa/melisa-reporter/src/components/Counter.tsx","statementMap":{"0":{"start":{"line":1,"column":0},"end":{"line":1,"column":40}},"1":{"start":{"line":7,"column":47},"end":{"line":36,"column":1}},"2":{"start":{"line":8,"column":28},"end":{"line":8,"column":50}},"3":{"start":{"line":10,"column":20},"end":{"line":10,"column":45}},"4":{"start":{"line":10,"column":26},"end":{"line":10,"column":45}},"5":{"start":{"line":11,"column":20},"end":{"line":11,"column":45}},"6":{"start":{"line":11,"column":26},"end":{"line":11,"column":45}},"7":{"start":{"line":12,"column":16},"end":{"line":12,"column":44}},"8":{"start":{"line":12,"column":22},"end":{"line":12,"column":44}},"9":{"start":{"line":14,"column":2},"end":{"line":35,"column":4}},"10":{"start":{"line":7,"column":13},"end":{"line":7,"column":47}}},"fnMap":{"0":{"name":"(anonymous_0)","decl":{"start":{"line":7,"column":47},"end":{"line":7,"column":48}},"loc":{"start":{"line":7,"column":72},"end":{"line":36,"column":1}}},"1":{"name":"(anonymous_1)","decl":{"start":{"line":10,"column":20},"end":{"line":10,"column":23}},"loc":{"start":{"line":10,"column":26},"end":{"line":10,"column":45}}},"2":{"name":"(anonymous_2)","decl":{"start":{"line":11,"column":20},"end":{"line":11,"column":23}},"loc":{"start":{"line":11,"column":26},"end":{"line":11,"column":45}}},"3":{"name":"(anonymous_3)","decl":{"start":{"line":12,"column":16},"end":{"line":12,"column":19}},"loc":{"start":{"line":12,"column":22},"end":{"line":12,"column":44}}}},"branchMap":{"0":{"loc":{"start":{"line":7,"column":50},"end":{"line":7,"column":66}},"type":"default-arg","locations":[{"start":{"line":7,"column":65},"end":{"line":7,"column":66}}]},"1":{"loc":{"start":{"line":29,"column":7},"end":{"line":32,"column":null}},"type":"binary-expr","locations":[{"start":{"line":29,"column":7},"end":{"line":29,"column":17}},{"start":{"line":30,"column":8},"end":{"line":30,"column":null}}]}},"s":{"0":1,"1":1,"2":12,"3":12,"4":5,"5":12,"6":1,"7":12,"8":1,"9":12,"10":1},"f":{"0":12,"1":5,"2":1,"3":1},"b":{"0":[2],"1":[12,1]}},"/Users/hamed/IdeaProjects/melisa/melisa-reporter/src/math.ts":{"path":"/Users/hamed/IdeaProjects/melisa/melisa-reporter/src/math.ts","statementMap":{"0":{"start":{"line":1,"column":0},"end":{"line":1,"column":16}},"1":{"start":{"line":5,"column":0},"end":{"line":5,"column":16}},"2":{"start":{"line":9,"column":0},"end":{"line":9,"column":16}},"3":{"start":{"line":2,"column":2},"end":{"line":2,"column":15}},"4":{"start":{"line":6,"column":2},"end":{"line":6,"column":15}},"5":{"start":{"line":10,"column":2},"end":{"line":12,"column":3}},"6":{"start":{"line":11,"column":4},"end":{"line":11,"column":40}},"7":{"start":{"line":13,"column":2},"end":{"line":13,"column":15}}},"fnMap":{"0":{"name":"sum","decl":{"start":{"line":1,"column":16},"end":{"line":1,"column":19}},"loc":{"start":{"line":1,"column":40},"end":{"line":3,"column":1}}},"1":{"name":"multiply","decl":{"start":{"line":5,"column":16},"end":{"line":5,"column":24}},"loc":{"start":{"line":5,"column":45},"end":{"line":7,"column":1}}},"2":{"name":"divide","decl":{"start":{"line":9,"column":16},"end":{"line":9,"column":22}},"loc":{"start":{"line":9,"column":43},"end":{"line":14,"column":1}}}},"branchMap":{"0":{"loc":{"start":{"line":10,"column":2},"end":{"line":12,"column":3}},"type":"if","locations":[{"start":{"line":10,"column":2},"end":{"line":12,"column":3}},{"start":{},"end":{}}]}},"s":{"0":1,"1":1,"2":1,"3":0,"4":3,"5":3,"6":1,"7":2},"f":{"0":0,"1":3,"2":3},"b":{"0":[1,2]}},"/Users/hamed/IdeaProjects/melisa/melisa-reporter/src/setupTests.ts":{"path":"/Users/hamed/IdeaProjects/melisa/melisa-reporter/src/setupTests.ts","statementMap":{"0":{"start":{"line":1,"column":0},"end":{"line":1,"column":35}},"1":{"start":{"line":3,"column":24},"end":{"line":3,"column":38}},"2":{"start":{"line":5,"column":0},"end":{"line":9,"column":3}},"3":{"start":{"line":6,"column":2},"end":{"line":6,"column":58}},"4":{"start":{"line":7,"column":2},"end":{"line":7,"column":60}},"5":{"start":{"line":8,"column":2},"end":{"line":8,"column":59}},"6":{"start":{"line":11,"column":0},"end":{"line":15,"column":3}},"7":{"start":{"line":12,"column":2},"end":{"line":12,"column":36}},"8":{"start":{"line":13,"column":2},"end":{"line":13,"column":40}},"9":{"start":{"line":14,"column":2},"end":{"line":14,"column":38}}},"fnMap":{"0":{"name":"(anonymous_0)","decl":{"start":{"line":5,"column":10},"end":{"line":5,"column":13}},"loc":{"start":{"line":5,"column":15},"end":{"line":9,"column":1}}},"1":{"name":"(anonymous_1)","decl":{"start":{"line":6,"column":48},"end":{"line":6,"column":51}},"loc":{"start":{"line":6,"column":53},"end":{"line":6,"column":56}}},"2":{"name":"(anonymous_2)","decl":{"start":{"line":7,"column":50},"end":{"line":7,"column":53}},"loc":{"start":{"line":7,"column":55},"end":{"line":7,"column":58}}},"3":{"name":"(anonymous_3)","decl":{"start":{"line":8,"column":49},"end":{"line":8,"column":52}},"loc":{"start":{"line":8,"column":54},"end":{"line":8,"column":57}}},"4":{"name":"(anonymous_4)","decl":{"start":{"line":11,"column":9},"end":{"line":11,"column":12}},"loc":{"start":{"line":11,"column":14},"end":{"line":15,"column":1}}}},"branchMap":{},"s":{"0":0,"1":0,"2":0,"3":0,"4":0,"5":0,"6":0,"7":0,"8":0,"9":0},"f":{"0":0,"1":0,"2":0,"3":0,"4":0},"b":{}}}}
