TN:
SF:src/math.ts
FN:1,sum
FN:5,multiply
FN:9,divide
FNF:3
FNH:2
FNDA:0,sum
FNDA:3,multiply
FNDA:3,divide
DA:1,1
DA:2,0
DA:5,1
DA:6,3
DA:9,1
DA:10,3
DA:11,1
DA:13,2
LF:8
LH:7
BRDA:10,0,0,1
BRDA:10,0,1,2
BRF:2
BRH:2
end_of_record
TN:
SF:src/setupTests.ts
FN:5,(anonymous_0)
FN:6,(anonymous_1)
FN:7,(anonymous_2)
FN:8,(anonymous_3)
FN:11,(anonymous_4)
FNF:5
FNH:0
FNDA:0,(anonymous_0)
FNDA:0,(anonymous_1)
FNDA:0,(anonymous_2)
FNDA:0,(anonymous_3)
FNDA:0,(anonymous_4)
DA:1,0
DA:3,0
DA:5,0
DA:6,0
DA:7,0
DA:8,0
DA:11,0
DA:12,0
DA:13,0
DA:14,0
LF:10
LH:0
BRF:0
BRH:0
end_of_record
TN:
SF:src/components/Counter.tsx
FN:7,(anonymous_0)
FN:10,(anonymous_1)
FN:11,(anonymous_2)
FN:12,(anonymous_3)
FNF:4
FNH:4
FNDA:12,(anonymous_0)
FNDA:5,(anonymous_1)
FNDA:1,(anonymous_2)
FNDA:1,(anonymous_3)
DA:1,1
DA:7,1
DA:8,12
DA:10,12
DA:11,12
DA:12,12
DA:14,12
LF:7
LH:7
BRDA:7,0,0,2
BRDA:29,1,0,12
BRDA:29,1,1,1
BRF:3
BRH:3
end_of_record
